TicTockOnline/app/build/intermediates/manifest_merge_blame_file/debug/manifest-merger-blame-debug-report.txt
1<?xml version="1.0" encoding="utf-8"?>
2<manifest xmlns:android="http://schemas.android.com/apk/res/android"
3    package="com.kassim.tictockonline"
4    android:versionCode="1"
5    android:versionName="1.0" >
6
7    <uses-sdk
8        android:minSdkVersion="21"
8-->src/main/AndroidManifest.xml
9        android:targetSdkVersion="30" />
9-->src/main/AndroidManifest.xml
10
11    <!-- Although the *SdkVersion is captured in gradle build files, this is required for non gradle builds -->
12    <!-- <uses-sdk android:minSdkVersion="14"/> -->
13    <uses-permission android:name="android.permission.ACCESS_NETWORK_STATE" />
13-->[com.google.firebase:firebase-database:19.6.0] AndroidManifest.xml:25:5-79
13-->[com.google.firebase:firebase-database:19.6.0] AndroidManifest.xml:25:22-76
14    <uses-permission android:name="android.permission.INTERNET" /> <!-- Permission will be merged into the manifest of the hosting app. -->
14-->[com.google.firebase:firebase-database:19.6.0] AndroidManifest.xml:26:5-67
14-->[com.google.firebase:firebase-database:19.6.0] AndroidManifest.xml:26:22-64
15    <!-- Is required to launch foreground extraction service for targetSdkVersion 28+. -->
16    <uses-permission android:name="android.permission.FOREGROUND_SERVICE" />
16-->[com.google.android.play:core:1.7.2] AndroidManifest.xml:8:3-74
16-->[com.google.android.play:core:1.7.2] AndroidManifest.xml:8:20-72
17
18    <application
18-->src/main/AndroidManifest.xml:5:5-19:19
19        android:allowBackup="true"
19-->src/main/AndroidManifest.xml:6:9-35
20        android:appComponentFactory="androidx.core.app.CoreComponentFactory"
20-->[androidx.core:core:1.3.2] AndroidManifest.xml:24:18-86
21        android:debuggable="true"
22        android:icon="@mipmap/tic_tac"
22-->src/main/AndroidManifest.xml:7:9-39
23        android:label="@string/app_name"
23-->src/main/AndroidManifest.xml:8:9-41
24        android:roundIcon="@mipmap/tic_tac"
24-->src/main/AndroidManifest.xml:9:9-44
25        android:supportsRtl="true"
25-->src/main/AndroidManifest.xml:10:9-35
26        android:testOnly="true"
27        android:theme="@style/Theme.TicTockOnline" >
27-->src/main/AndroidManifest.xml:11:9-51
28        <activity android:name="com.kassim.tictockonline.MainActivity" >
28-->src/main/AndroidManifest.xml:12:9-18:20
28-->src/main/AndroidManifest.xml:12:19-47
29            <intent-filter>
29-->src/main/AndroidManifest.xml:13:13-17:29
30                <action android:name="android.intent.action.MAIN" />
30-->src/main/AndroidManifest.xml:14:17-69
30-->src/main/AndroidManifest.xml:14:25-66
31
32                <category android:name="android.intent.category.LAUNCHER" />
32-->src/main/AndroidManifest.xml:16:17-77
32-->src/main/AndroidManifest.xml:16:27-74
33            </intent-filter>
34        </activity>
35
36        <service
36-->[com.google.firebase:firebase-database-ktx:19.6.0] AndroidManifest.xml:12:9-18:19
37            android:name="com.google.firebase.components.ComponentDiscoveryService"
37-->[com.google.firebase:firebase-database-ktx:19.6.0] AndroidManifest.xml:13:13-84
38            android:directBootAware="true"
38-->[com.google.firebase:firebase-common:19.5.0] AndroidManifest.xml:35:13-43
39            android:exported="false" >
39-->[com.google.firebase:firebase-database-ktx:19.6.0] AndroidManifest.xml:14:13-37
40            <meta-data
40-->[com.google.firebase:firebase-database-ktx:19.6.0] AndroidManifest.xml:15:13-17:85
41                android:name="com.google.firebase.components:com.google.firebase.database.ktx.FirebaseDatabaseKtxRegistrar"
41-->[com.google.firebase:firebase-database-ktx:19.6.0] AndroidManifest.xml:16:17-124
42                android:value="com.google.firebase.components.ComponentRegistrar" />
42-->[com.google.firebase:firebase-database-ktx:19.6.0] AndroidManifest.xml:17:17-82
43            <meta-data
43-->[com.google.firebase:firebase-database:19.6.0] AndroidManifest.xml:32:13-34:85
44                android:name="com.google.firebase.components:com.google.firebase.database.DatabaseRegistrar"
44-->[com.google.firebase:firebase-database:19.6.0] AndroidManifest.xml:33:17-109
45                android:value="com.google.firebase.components.ComponentRegistrar" />
45-->[com.google.firebase:firebase-database:19.6.0] AndroidManifest.xml:34:17-82
46            <meta-data
46-->[com.google.firebase:firebase-auth-ktx:20.0.3] AndroidManifest.xml:11:13-13:85
47                android:name="com.google.firebase.components:com.google.firebase.auth.ktx.FirebaseAuthKtxRegistrar"
47-->[com.google.firebase:firebase-auth-ktx:20.0.3] AndroidManifest.xml:12:17-116
48                android:value="com.google.firebase.components.ComponentRegistrar" />
48-->[com.google.firebase:firebase-auth-ktx:20.0.3] AndroidManifest.xml:13:17-82
49            <meta-data
49-->[com.google.firebase:firebase-auth:20.0.3] AndroidManifest.xml:77:13-79:85
50                android:name="com.google.firebase.components:com.google.firebase.auth.FirebaseAuthRegistrar"
50-->[com.google.firebase:firebase-auth:20.0.3] AndroidManifest.xml:78:17-109
51                android:value="com.google.firebase.components.ComponentRegistrar" />
51-->[com.google.firebase:firebase-auth:20.0.3] AndroidManifest.xml:79:17-82
52            <meta-data
52-->[com.google.firebase:firebase-common-ktx:19.5.0] AndroidManifest.xml:15:13-17:85
53                android:name="com.google.firebase.components:com.google.firebase.ktx.FirebaseCommonKtxRegistrar"
53-->[com.google.firebase:firebase-common-ktx:19.5.0] AndroidManifest.xml:16:17-113
54                android:value="com.google.firebase.components.ComponentRegistrar" />
54-->[com.google.firebase:firebase-common-ktx:19.5.0] AndroidManifest.xml:17:17-82
55            <!--
56                This registrar is not defined in the dynamic-module-support sdk itself to allow non-firebase
57                clients to use it as well, by defining this registrar in their own core/common library.
58            -->
59            <meta-data
59-->[com.google.firebase:firebase-common:19.5.0] AndroidManifest.xml:43:13-45:85
60                android:name="com.google.firebase.components:com.google.firebase.dynamicloading.DynamicLoadingRegistrar"
60-->[com.google.firebase:firebase-common:19.5.0] AndroidManifest.xml:44:17-121
61                android:value="com.google.firebase.components.ComponentRegistrar" />
61-->[com.google.firebase:firebase-common:19.5.0] AndroidManifest.xml:45:17-82
62        </service>
63
64        <activity
64-->[com.google.android.gms:play-services-auth:19.0.0] AndroidManifest.xml:23:9-27:75
65            android:name="com.google.android.gms.auth.api.signin.internal.SignInHubActivity"
65-->[com.google.android.gms:play-services-auth:19.0.0] AndroidManifest.xml:24:13-93
66            android:excludeFromRecents="true"
66-->[com.google.android.gms:play-services-auth:19.0.0] AndroidManifest.xml:25:13-46
67            android:exported="false"
67-->[com.google.android.gms:play-services-auth:19.0.0] AndroidManifest.xml:26:13-37
68            android:theme="@android:style/Theme.Translucent.NoTitleBar" />
68-->[com.google.android.gms:play-services-auth:19.0.0] AndroidManifest.xml:27:13-72
69        <!--
70            Service handling Google Sign-In user revocation. For apps that do not integrate with
71            Google Sign-In, this service will never be started.
72        -->
73        <service
73-->[com.google.android.gms:play-services-auth:19.0.0] AndroidManifest.xml:33:9-37:51
74            android:name="com.google.android.gms.auth.api.signin.RevocationBoundService"
74-->[com.google.android.gms:play-services-auth:19.0.0] AndroidManifest.xml:34:13-89
75            android:exported="true"
75-->[com.google.android.gms:play-services-auth:19.0.0] AndroidManifest.xml:35:13-36
76            android:permission="com.google.android.gms.auth.api.signin.permission.REVOCATION_NOTIFICATION"
76-->[com.google.android.gms:play-services-auth:19.0.0] AndroidManifest.xml:36:13-107
77            android:visibleToInstantApps="true" />
77-->[com.google.android.gms:play-services-auth:19.0.0] AndroidManifest.xml:37:13-48
78
79        <activity
79-->[com.google.firebase:firebase-auth:20.0.3] AndroidManifest.xml:27:9-44:20
80            android:name="com.google.firebase.auth.internal.GenericIdpActivity"
80-->[com.google.firebase:firebase-auth:20.0.3] AndroidManifest.xml:28:13-80
81            android:excludeFromRecents="true"
81-->[com.google.firebase:firebase-auth:20.0.3] AndroidManifest.xml:29:13-46
82            android:exported="true"
82-->[com.google.firebase:firebase-auth:20.0.3] AndroidManifest.xml:30:13-36
83            android:launchMode="singleTask"
83-->[com.google.firebase:firebase-auth:20.0.3] AndroidManifest.xml:31:13-44
84            android:theme="@android:style/Theme.Translucent.NoTitleBar" >
84-->[com.google.firebase:firebase-auth:20.0.3] AndroidManifest.xml:32:13-72
85            <intent-filter>
85-->[com.google.firebase:firebase-auth:20.0.3] AndroidManifest.xml:33:13-43:29
86                <action android:name="android.intent.action.VIEW" />
86-->[com.google.firebase:firebase-auth:20.0.3] AndroidManifest.xml:34:17-69
86-->[com.google.firebase:firebase-auth:20.0.3] AndroidManifest.xml:34:25-66
87
88                <category android:name="android.intent.category.DEFAULT" />
88-->[com.google.firebase:firebase-auth:20.0.3] AndroidManifest.xml:36:17-76
88-->[com.google.firebase:firebase-auth:20.0.3] AndroidManifest.xml:36:27-73
89                <category android:name="android.intent.category.BROWSABLE" />
89-->[com.google.firebase:firebase-auth:20.0.3] AndroidManifest.xml:37:17-78
89-->[com.google.firebase:firebase-auth:20.0.3] AndroidManifest.xml:37:27-75
90
91                <data
91-->[com.google.firebase:firebase-auth:20.0.3] AndroidManifest.xml:39:17-42:51
92                    android:host="firebase.auth"
92-->[com.google.firebase:firebase-auth:20.0.3] AndroidManifest.xml:40:21-49
93                    android:path="/"
93-->[com.google.firebase:firebase-auth:20.0.3] AndroidManifest.xml:41:21-37
94                    android:scheme="genericidp" />
94-->[com.google.firebase:firebase-auth:20.0.3] AndroidManifest.xml:42:21-48
95            </intent-filter>
96        </activity>
97        <activity
97-->[com.google.firebase:firebase-auth:20.0.3] AndroidManifest.xml:45:9-62:20
98            android:name="com.google.firebase.auth.internal.RecaptchaActivity"
98-->[com.google.firebase:firebase-auth:20.0.3] AndroidManifest.xml:46:13-79
99            android:excludeFromRecents="true"
99-->[com.google.firebase:firebase-auth:20.0.3] AndroidManifest.xml:47:13-46
100            android:exported="true"
100-->[com.google.firebase:firebase-auth:20.0.3] AndroidManifest.xml:48:13-36
101            android:launchMode="singleTask"
101-->[com.google.firebase:firebase-auth:20.0.3] AndroidManifest.xml:49:13-44
102            android:theme="@android:style/Theme.Translucent.NoTitleBar" >
102-->[com.google.firebase:firebase-auth:20.0.3] AndroidManifest.xml:50:13-72
103            <intent-filter>
103-->[com.google.firebase:firebase-auth:20.0.3] AndroidManifest.xml:51:13-61:29
104                <action android:name="android.intent.action.VIEW" />
104-->[com.google.firebase:firebase-auth:20.0.3] AndroidManifest.xml:34:17-69
104-->[com.google.firebase:firebase-auth:20.0.3] AndroidManifest.xml:34:25-66
105
106                <category android:name="android.intent.category.DEFAULT" />
106-->[com.google.firebase:firebase-auth:20.0.3] AndroidManifest.xml:36:17-76
106-->[com.google.firebase:firebase-auth:20.0.3] AndroidManifest.xml:36:27-73
107                <category android:name="android.intent.category.BROWSABLE" />
107-->[com.google.firebase:firebase-auth:20.0.3] AndroidManifest.xml:37:17-78
107-->[com.google.firebase:firebase-auth:20.0.3] AndroidManifest.xml:37:27-75
108
109                <data
109-->[com.google.firebase:firebase-auth:20.0.3] AndroidManifest.xml:39:17-42:51
110                    android:host="firebase.auth"
110-->[com.google.firebase:firebase-auth:20.0.3] AndroidManifest.xml:40:21-49
111                    android:path="/"
111-->[com.google.firebase:firebase-auth:20.0.3] AndroidManifest.xml:41:21-37
112                    android:scheme="recaptcha" />
112-->[com.google.firebase:firebase-auth:20.0.3] AndroidManifest.xml:42:21-48
113            </intent-filter>
114        </activity>
115
116        <service
116-->[com.google.firebase:firebase-auth:20.0.3] AndroidManifest.xml:64:9-73:19
117            android:name="com.google.firebase.auth.api.fallback.service.FirebaseAuthFallbackService"
117-->[com.google.firebase:firebase-auth:20.0.3] AndroidManifest.xml:65:13-101
118            android:enabled="true"
118-->[com.google.firebase:firebase-auth:20.0.3] AndroidManifest.xml:66:13-35
119            android:exported="false" >
119-->[com.google.firebase:firebase-auth:20.0.3] AndroidManifest.xml:67:13-37
120            <intent-filter>
120-->[com.google.firebase:firebase-auth:20.0.3] AndroidManifest.xml:68:13-72:29
121                <action android:name="com.google.firebase.auth.api.gms.service.START" />
121-->[com.google.firebase:firebase-auth:20.0.3] AndroidManifest.xml:69:17-89
121-->[com.google.firebase:firebase-auth:20.0.3] AndroidManifest.xml:69:25-86
122
123                <category android:name="android.intent.category.DEFAULT" />
123-->[com.google.firebase:firebase-auth:20.0.3] AndroidManifest.xml:36:17-76
123-->[com.google.firebase:firebase-auth:20.0.3] AndroidManifest.xml:36:27-73
124            </intent-filter>
125        </service>
126
127        <activity
127-->[com.google.android.gms:play-services-base:17.1.0] AndroidManifest.xml:23:9-26:75
128            android:name="com.google.android.gms.common.api.GoogleApiActivity"
128-->[com.google.android.gms:play-services-base:17.1.0] AndroidManifest.xml:24:13-79
129            android:exported="false"
129-->[com.google.android.gms:play-services-base:17.1.0] AndroidManifest.xml:25:13-37
130            android:theme="@android:style/Theme.Translucent.NoTitleBar" />
130-->[com.google.android.gms:play-services-base:17.1.0] AndroidManifest.xml:26:13-72
131
132        <provider
132-->[com.google.firebase:firebase-common:19.5.0] AndroidManifest.xml:26:9-31:39
133            android:name="com.google.firebase.provider.FirebaseInitProvider"
133-->[com.google.firebase:firebase-common:19.5.0] AndroidManifest.xml:27:13-77
134            android:authorities="com.kassim.tictockonline.firebaseinitprovider"
134-->[com.google.firebase:firebase-common:19.5.0] AndroidManifest.xml:28:13-72
135            android:directBootAware="true"
135-->[com.google.firebase:firebase-common:19.5.0] AndroidManifest.xml:29:13-43
136            android:exported="false"
136-->[com.google.firebase:firebase-common:19.5.0] AndroidManifest.xml:30:13-37
137            android:initOrder="100" />
137-->[com.google.firebase:firebase-common:19.5.0] AndroidManifest.xml:31:13-36
138
139        <meta-data
139-->[com.google.android.gms:play-services-basement:17.1.1] AndroidManifest.xml:23:9-25:69
140            android:name="com.google.android.gms.version"
140-->[com.google.android.gms:play-services-basement:17.1.1] AndroidManifest.xml:24:13-58
141            android:value="@integer/google_play_services_version" /> <!-- The activities will be merged into the manifest of the hosting app. -->
141-->[com.google.android.gms:play-services-basement:17.1.1] AndroidManifest.xml:25:13-66
142        <activity
142-->[com.google.android.play:core:1.7.2] AndroidManifest.xml:12:5-271
143            android:name="com.google.android.play.core.missingsplits.PlayCoreMissingSplitsActivity"
143-->[com.google.android.play:core:1.7.2] AndroidManifest.xml:12:15-102
144            android:enabled="false"
144-->[com.google.android.play:core:1.7.2] AndroidManifest.xml:12:103-126
145            android:exported="false"
145-->[com.google.android.play:core:1.7.2] AndroidManifest.xml:12:127-151
146            android:launchMode="singleInstance"
146-->[com.google.android.play:core:1.7.2] AndroidManifest.xml:12:204-239
147            android:process=":playcore_missing_splits_activity"
147-->[com.google.android.play:core:1.7.2] AndroidManifest.xml:12:152-203
148            android:stateNotNeeded="true" />
148-->[com.google.android.play:core:1.7.2] AndroidManifest.xml:12:240-269
149        <activity
149-->[com.google.android.play:core:1.7.2] AndroidManifest.xml:13:5-226
150            android:name="com.google.android.play.core.common.PlayCoreDialogWrapperActivity"
150-->[com.google.android.play:core:1.7.2] AndroidManifest.xml:13:15-95
151            android:enabled="false"
151-->[com.google.android.play:core:1.7.2] AndroidManifest.xml:13:96-119
152            android:exported="false"
152-->[com.google.android.play:core:1.7.2] AndroidManifest.xml:13:120-144
153            android:stateNotNeeded="true"
153-->[com.google.android.play:core:1.7.2] AndroidManifest.xml:13:145-174
154            android:theme="@style/Theme.PlayCore.Transparent" /> <!-- The service will be merged into the manifest of the hosting app. -->
154-->[com.google.android.play:core:1.7.2] AndroidManifest.xml:13:175-224
155        <service
155-->[com.google.android.play:core:1.7.2] AndroidManifest.xml:16:5-145
156            android:name="com.google.android.play.core.assetpacks.AssetPackExtractionService"
156-->[com.google.android.play:core:1.7.2] AndroidManifest.xml:16:14-95
157            android:enabled="false"
157-->[com.google.android.play:core:1.7.2] AndroidManifest.xml:16:96-119
158            android:exported="true" />
158-->[com.google.android.play:core:1.7.2] AndroidManifest.xml:16:120-143
159    </application>
160
161</manifest>